<?xml version="1.0" encoding="UTF-8"?>
<testng-results ignored="0" total="1" passed="1" failed="0" skipped="0">
  <reporter-output>
  </reporter-output>
  <suite started-at="2020-10-01T11:14:38Z" name="Default suite" finished-at="2020-10-01T11:15:14Z" duration-ms="36736">
    <groups>
    </groups>
    <test started-at="2020-10-01T11:14:38Z" name="Default test" finished-at="2020-10-01T11:15:14Z" duration-ms="36736">
      <class name="com.mhe.qa.testcases.Proctorio_test1">
        <test-method is-config="true" signature="beforeTest()[pri:0, instance:com.mhe.qa.testcases.Proctorio_test1@7e19ebf0]" started-at="2020-10-01T11:14:38Z" name="beforeTest" finished-at="2020-10-01T11:14:53Z" duration-ms="15472" status="PASS">
          <reporter-output>
          </reporter-output>
        </test-method> <!-- beforeTest -->
        <test-method signature="proctorioTest1()[pri:0, instance:com.mhe.qa.testcases.Proctorio_test1@7e19ebf0]" started-at="2020-10-01T11:14:53Z" name="proctorioTest1" finished-at="2020-10-01T11:15:13Z" duration-ms="20304" status="PASS">
          <reporter-output>
          </reporter-output>
        </test-method> <!-- proctorioTest1 -->
        <test-method is-config="true" signature="afterTest()[pri:0, instance:com.mhe.qa.testcases.Proctorio_test1@7e19ebf0]" started-at="2020-10-01T11:15:13Z" name="afterTest" finished-at="2020-10-01T11:15:14Z" duration-ms="930" status="PASS">
          <reporter-output>
          </reporter-output>
        </test-method> <!-- afterTest -->
      </class> <!-- com.mhe.qa.testcases.Proctorio_test1 -->
    </test> <!-- Default test -->
  </suite> <!-- Default suite -->
</testng-results>
